[12:13:43 PM INF] Initializing assembly publicization
[12:13:43 PM INF] Referenced assemblies: 152
[12:13:43 PM INF] Publicize: LBoL.Base, virtual members: True, compiler-generated members: False
[12:13:43 PM INF] Publicize: LBoL.ConfigData, virtual members: True, compiler-generated members: False
[12:13:43 PM INF] Publicize: LBoL.Core, virtual members: True, compiler-generated members: False
[12:13:43 PM INF] Publicize: LBoL.EntityLib, virtual members: True, compiler-generated members: False
[12:13:43 PM INF] Publicize: LBoL.Presentation, virtual members: True, compiler-generated members: False
[12:13:43 PM INF] Publicize: Untitled.ConfigDataBuilder.Base, virtual members: True, compiler-generated members: False
[12:13:43 PM INF] DoNotPublicize: LBoL.Core:LBoL.Core.Stage.get_DefaultEventPriority
[12:13:43 PM INF] DoNotPublicize: LBoL.Core:LBoL.Core.Stage.LocalizeProperty
[12:13:43 PM INF] DoNotPublicize: LBoL.Core:LBoL.Core.Stage.LocalizeListProperty
[12:13:43 PM INF] DoNotPublicize: LBoL.Core:LBoL.Core.Stage.get_Name
[12:13:43 PM INF] DoNotPublicize: LBoL.Core:LBoL.Core.Stage.Initialize
[12:13:43 PM INF] DoNotPublicize: LBoL.Core:LBoL.Core.Stage.InitExtraFlags
[12:13:43 PM INF] DoNotPublicize: LBoL.Core:LBoL.Core.Stage.InitBoss
[12:13:43 PM INF] DoNotPublicize: LBoL.Core:LBoL.Core.Stage.CreateMap
[12:13:43 PM INF] DoNotPublicize: LBoL.Core:LBoL.Core.Stage.SetBoss
[12:13:43 PM INF] DoNotPublicize: LBoL.Core:LBoL.Core.Stage.GetAdventure
[12:13:43 PM INF] DoNotPublicize: LBoL.Core:LBoL.Core.Stage.GetShopNormalCards
[12:13:43 PM INF] DoNotPublicize: LBoL.Core:LBoL.Core.Stage.GetShopToolCards
[12:13:43 PM INF] DoNotPublicize: LBoL.Core:LBoL.Core.Stage.GetShopExhibit
[12:13:43 PM INF] DoNotPublicize: LBoL.Core:LBoL.Core.Stage.GetEliteEnemyExhibit
[12:13:43 PM INF] DoNotPublicize: LBoL.Core:LBoL.Core.Stage.GetSupplyExhibit
[12:13:43 PM INF] DoNotPublicize: LBoL.Core:LBoL.Core.Stage.GetNeutralShiningExhibit
[12:13:43 PM INF] DoNotPublicize: LBoL.Core:LBoL.Core.Stage.RollExhibitInAdventure
[12:13:43 PM INF] DoNotPublicize: LBoL.Core:LBoL.Core.Stage.GetBossExhibits
[12:13:43 PM INF] DoNotPublicize: LBoL.Core:LBoL.Core.Stage.GetDrinkTeaCardReward
[12:13:43 PM INF] DoNotPublicize: LBoL.Core:LBoL.Core.Stage.GetEnemyCardReward
[12:13:43 PM INF] DoNotPublicize: LBoL.Core:LBoL.Core.Stage.GetEliteEnemyCardReward
[12:13:43 PM INF] DoNotPublicize: LBoL.Core:LBoL.Core.Stage.GetBossCardReward
[12:13:43 PM INF] DoNotPublicize: LBoL.Core:LBoL.Core.Stage.GetEnemies
[12:13:43 PM INF] DoNotPublicize: LBoL.Core:LBoL.Core.Stage.GetEliteEnemies
[12:13:43 PM INF] DoNotPublicize: LBoL.Core:LBoL.Core.Stage.GetBoss
[12:13:43 PM INF] DoNotPublicize: LBoL.Core:LBoL.Core.GameEntity.get_DebugName
[12:13:43 PM INF] DoNotPublicize: LBoL.Core:LBoL.Core.GameEntity.LocalizeProperty
[12:13:43 PM INF] DoNotPublicize: LBoL.Core:LBoL.Core.GameEntity.GetBaseDescription
[12:13:43 PM INF] DoNotPublicize: LBoL.Core:LBoL.Core.GameEntity.get_Name
[12:13:43 PM INF] DoNotPublicize: LBoL.Core:LBoL.Core.GameEntity.get_PlayerName
[12:13:43 PM INF] DoNotPublicize: LBoL.Core:LBoL.Core.GameEntity.get_Description
[12:13:43 PM INF] DoNotPublicize: LBoL.Core:LBoL.Core.GameEntity.get_DefaultEventPriority
[12:13:43 PM INF] DoNotPublicize: LBoL.Core:LBoL.Core.GameEntity.React
[12:13:43 PM INF] DoNotPublicize: LBoL.Core:LBoL.Core.GameEntity.Initialize
[12:13:43 PM INF] DoNotPublicize: LBoL.Core:LBoL.Core.GameEntity.CreateFormatWrapper
[12:13:43 PM INF] DoNotPublicize: LBoL.Core:LBoL.Core.GameEntity.add_PropertyChanged
[12:13:43 PM INF] DoNotPublicize: LBoL.Core:LBoL.Core.GameEntity.remove_PropertyChanged
[12:13:43 PM INF] DoNotPublicize: LBoL.Core:LBoL.Core.GameEntity.NotifyChanged
[12:13:43 PM INF] DoNotPublicize: LBoL.Core:LBoL.Core.Cards.Card.get_OnDrawVisual
[12:13:43 PM INF] DoNotPublicize: LBoL.Core:LBoL.Core.Cards.Card.OnDraw
[12:13:43 PM INF] DoNotPublicize: LBoL.Core:LBoL.Core.Cards.Card.get_OnDiscardVisual
[12:13:43 PM INF] DoNotPublicize: LBoL.Core:LBoL.Core.Cards.Card.OnDiscard
[12:13:43 PM INF] DoNotPublicize: LBoL.Core:LBoL.Core.Cards.Card.get_OnExileVisual
[12:13:43 PM INF] DoNotPublicize: LBoL.Core:LBoL.Core.Cards.Card.OnExile
[12:13:43 PM INF] DoNotPublicize: LBoL.Core:LBoL.Core.Cards.Card.get_OnMoveVisual
[12:13:43 PM INF] DoNotPublicize: LBoL.Core:LBoL.Core.Cards.Card.OnMove
[12:13:43 PM INF] DoNotPublicize: LBoL.Core:LBoL.Core.Cards.Card.get_OnRetainVisual
[12:13:43 PM INF] DoNotPublicize: LBoL.Core:LBoL.Core.Cards.Card.OnRetain
[12:13:43 PM INF] DoNotPublicize: LBoL.Core:LBoL.Core.Cards.Card.OnRemove
[12:13:43 PM INF] DoNotPublicize: LBoL.Core:LBoL.Core.Cards.Card.OnLeaveHand
[12:13:43 PM INF] DoNotPublicize: LBoL.Core:LBoL.Core.Cards.Card.AfterUseAction
[12:13:43 PM INF] DoNotPublicize: LBoL.Core:LBoL.Core.Cards.Card.Upgrade
[12:13:43 PM INF] DoNotPublicize: LBoL.Core:LBoL.Core.Cards.Card.OnEnterBattle
[12:13:43 PM INF] DoNotPublicize: LBoL.Core:LBoL.Core.Cards.Card.OnLeaveBattle
[12:13:43 PM INF] DoNotPublicize: LBoL.Core:LBoL.Core.Cards.Card.React
[12:13:43 PM INF] DoNotPublicize: LBoL.Core:LBoL.Core.Cards.Card.Precondition
[12:13:43 PM INF] DoNotPublicize: LBoL.Core:LBoL.Core.Cards.Card.Actions
[12:13:43 PM INF] DoNotPublicize: LBoL.Core:LBoL.Core.Cards.Card.SetGuns
[12:13:43 PM INF] DoNotPublicize: LBoL.Core:LBoL.Core.Cards.Card.get_Damage
[12:13:43 PM INF] DoNotPublicize: LBoL.Core:LBoL.Core.Cards.Card.get_AdditionalDamage
[12:13:43 PM INF] DoNotPublicize: LBoL.Core:LBoL.Core.Cards.Card.get_RawBlock
[12:13:43 PM INF] DoNotPublicize: LBoL.Core:LBoL.Core.Cards.Card.get_AdditionalBlock
[12:13:43 PM INF] DoNotPublicize: LBoL.Core:LBoL.Core.Cards.Card.get_AdditionalShield
[12:13:43 PM INF] DoNotPublicize: LBoL.Core:LBoL.Core.Cards.Card.get_AdditionalValue1
[12:13:43 PM INF] DoNotPublicize: LBoL.Core:LBoL.Core.Cards.Card.get_AdditionalValue2
[12:13:43 PM INF] DoNotPublicize: LBoL.Core:LBoL.Core.Cards.Card.get_DefaultEventPriority
[12:13:43 PM INF] DoNotPublicize: LBoL.Core:LBoL.Core.Cards.Card.LocalizeProperty
[12:13:43 PM INF] DoNotPublicize: LBoL.Core:LBoL.Core.Cards.Card.LocalizeListProperty
[12:13:43 PM INF] DoNotPublicize: LBoL.Core:LBoL.Core.Cards.Card.GetBaseDescription
[12:13:43 PM INF] DoNotPublicize: LBoL.Core:LBoL.Core.Cards.Card.GetXCostFromPooled
[12:13:43 PM INF] DoNotPublicize: LBoL.Core:LBoL.Core.Cards.Card.get_AdditionalCost
[12:13:43 PM INF] DoNotPublicize: LBoL.Core:LBoL.Core.Cards.Card.get_Triggered
[12:13:43 PM INF] DoNotPublicize: LBoL.Core:LBoL.Core.Cards.Card.get_CanUpgrade
[12:13:43 PM INF] DoNotPublicize: LBoL.Core:LBoL.Core.Cards.Card.get_IsUpgraded
[12:13:43 PM INF] DoNotPublicize: LBoL.Core:LBoL.Core.Cards.Card.get_UpgradeReplaceImage
[12:13:43 PM INF] DoNotPublicize: LBoL.Core:LBoL.Core.Cards.Card.get_CanUse
[12:13:43 PM INF] DoNotPublicize: LBoL.Core:LBoL.Core.Cards.Card.get_Description
[12:13:43 PM INF] DoNotPublicize: LBoL.Core:LBoL.Core.Cards.Card.Initialize
[12:13:43 PM INF] DoNotPublicize: LBoL.Core:LBoL.Core.Cards.Card.CreateFormatWrapper
[12:13:43 PM INF] DoNotPublicize: LBoL.Core:LBoL.Core.Cards.Card.Verify
[12:13:43 PM INF] DoNotPublicize: LBoL.Core:LBoL.Core.Cards.Card.NotifyActivating
[12:13:43 PM INF] DoNotPublicize: LBoL.Core:LBoL.Core.Cards.Card.ShouldPreventOtherCardUsage
[12:13:43 PM INF] DoNotPublicize: LBoL.Core:LBoL.Core.Cards.Card.get_PreventCardUsageMessage
[12:13:43 PM INF] DoNotPublicize: LBoL.Core:LBoL.Core.Units.UltimateSkill.LocalizeProperty
[12:13:43 PM INF] DoNotPublicize: LBoL.Core:LBoL.Core.Units.UltimateSkill.LocalizeListProperty
[12:13:43 PM INF] DoNotPublicize: LBoL.Core:LBoL.Core.Units.UltimateSkill.get_DefaultEventPriority
[12:13:43 PM INF] DoNotPublicize: LBoL.Core:LBoL.Core.Units.UltimateSkill.get_DebugName
[12:13:43 PM INF] DoNotPublicize: LBoL.Core:LBoL.Core.Units.UltimateSkill.get_Name
[12:13:43 PM INF] DoNotPublicize: LBoL.Core:LBoL.Core.Units.UltimateSkill.get_Damage
[12:13:43 PM INF] DoNotPublicize: LBoL.Core:LBoL.Core.Units.UltimateSkill.Initialize
[12:13:43 PM INF] DoNotPublicize: LBoL.Core:LBoL.Core.Units.UltimateSkill.CreateFormatWrapper
[12:13:43 PM INF] DoNotPublicize: LBoL.Core:LBoL.Core.Units.UltimateSkill.Actions
[12:13:43 PM INF] DoNotPublicize: LBoL.Core:LBoL.Core.Exhibit.LocalizeProperty
[12:13:43 PM INF] DoNotPublicize: LBoL.Core:LBoL.Core.Exhibit.LocalizeListProperty
[12:13:43 PM INF] DoNotPublicize: LBoL.Core:LBoL.Core.Exhibit.GetBaseDescription
[12:13:43 PM INF] DoNotPublicize: LBoL.Core:LBoL.Core.Exhibit.get_Description
[12:13:43 PM INF] DoNotPublicize: LBoL.Core:LBoL.Core.Exhibit.get_IconName
[12:13:43 PM INF] DoNotPublicize: LBoL.Core:LBoL.Core.Exhibit.get_OverrideIconName
[12:13:43 PM INF] DoNotPublicize: LBoL.Core:LBoL.Core.Exhibit.get_DefaultEventPriority
[12:13:43 PM INF] DoNotPublicize: LBoL.Core:LBoL.Core.Exhibit.Initialize
[12:13:43 PM INF] DoNotPublicize: LBoL.Core:LBoL.Core.Exhibit.get_ShowCounter
[12:13:43 PM INF] DoNotPublicize: LBoL.Core:LBoL.Core.Exhibit.OnAdding
[12:13:43 PM INF] DoNotPublicize: LBoL.Core:LBoL.Core.Exhibit.OnAdded
[12:13:43 PM INF] DoNotPublicize: LBoL.Core:LBoL.Core.Exhibit.OnRemoving
[12:13:43 PM INF] DoNotPublicize: LBoL.Core:LBoL.Core.Exhibit.OnRemoved
[12:13:43 PM INF] DoNotPublicize: LBoL.Core:LBoL.Core.Exhibit.SpecialGain
[12:13:43 PM INF] DoNotPublicize: LBoL.Core:LBoL.Core.Exhibit.OnGain
[12:13:43 PM INF] DoNotPublicize: LBoL.Core:LBoL.Core.Exhibit.OnLose
[12:13:43 PM INF] DoNotPublicize: LBoL.Core:LBoL.Core.Exhibit.OnEnterBattle
[12:13:43 PM INF] DoNotPublicize: LBoL.Core:LBoL.Core.Exhibit.OnLeaveBattle
[12:13:43 PM INF] DoNotPublicize: LBoL.Core:LBoL.Core.Exhibit.NotifyActivating
[12:13:43 PM INF] DoNotPublicize: LBoL.Core:LBoL.Core.Exhibit.React
[12:13:43 PM INF] DoNotPublicize: LBoL.Core:LBoL.Core.Exhibit.EnumerateDisplayWords
[12:13:43 PM INF] DoNotPublicize: LBoL.Core:LBoL.Core.Exhibit.EnumerateRelativeCards
[12:13:43 PM INF] DoNotPublicize: LBoL.Core:LBoL.Core.Units.PlayerUnit.LocalizeProperty
[12:13:43 PM INF] DoNotPublicize: LBoL.Core:LBoL.Core.Units.PlayerUnit.GetName
[12:13:43 PM INF] DoNotPublicize: LBoL.Core:LBoL.Core.Units.PlayerUnit.Initialize
[12:13:43 PM INF] DoNotPublicize: LBoL.Core:LBoL.Core.Units.PlayerUnit.get_DefaultEventPriority
[12:13:43 PM INF] DoNotPublicize: LBoL.Core:LBoL.Core.Units.PlayerUnit.SetView
[12:13:43 PM INF] DoNotPublicize: LBoL.Core:LBoL.Core.Units.Unit.Initialize
[12:13:43 PM INF] DoNotPublicize: LBoL.Core:LBoL.Core.Units.Unit.GetName
[12:13:43 PM INF] DoNotPublicize: LBoL.Core:LBoL.Core.Units.Unit.get_Name
[12:13:43 PM INF] DoNotPublicize: LBoL.Core:LBoL.Core.Units.Unit.EnterGameRun
[12:13:43 PM INF] DoNotPublicize: LBoL.Core:LBoL.Core.Units.Unit.OnEnterGameRun
[12:13:43 PM INF] DoNotPublicize: LBoL.Core:LBoL.Core.Units.Unit.OnLeaveGameRun
[12:13:43 PM INF] DoNotPublicize: LBoL.Core:LBoL.Core.Units.Unit.OnEnterBattle
[12:13:43 PM INF] DoNotPublicize: LBoL.Core:LBoL.Core.Units.Unit.OnLeaveBattle
[12:13:43 PM INF] DoNotPublicize: LBoL.Core:LBoL.Core.Units.Unit.React
[12:13:43 PM INF] DoNotPublicize: LBoL.Core:LBoL.Core.Units.Unit.Die
[12:13:43 PM INF] DoNotPublicize: LBoL.Core:LBoL.Core.Units.Unit.OnDie
[12:13:43 PM INF] DoNotPublicize: LBoL.Core:LBoL.Core.Units.Unit.SetView
[12:13:43 PM INF] DoNotPublicize: LBoL.Core:LBoL.Core.Units.Unit.GetView
[12:13:43 PM INF] DoNotPublicize: LBoL.Core:LBoL.Core.Units.EnemyUnit.LocalizeProperty
[12:13:43 PM INF] DoNotPublicize: LBoL.Core:LBoL.Core.Units.EnemyUnit.LocalizeListProperty
[12:13:43 PM INF] DoNotPublicize: LBoL.Core:LBoL.Core.Units.EnemyUnit.GetName
[12:13:43 PM INF] DoNotPublicize: LBoL.Core:LBoL.Core.Units.EnemyUnit.get_DefaultEventPriority
[12:13:43 PM INF] DoNotPublicize: LBoL.Core:LBoL.Core.Units.EnemyUnit.get_MovePriority
[12:13:43 PM INF] DoNotPublicize: LBoL.Core:LBoL.Core.Units.EnemyUnit.Initialize
[12:13:43 PM INF] DoNotPublicize: LBoL.Core:LBoL.Core.Units.EnemyUnit.EnterGameRun
[12:13:43 PM INF] DoNotPublicize: LBoL.Core:LBoL.Core.Units.EnemyUnit.OnSpawn
[12:13:43 PM INF] DoNotPublicize: LBoL.Core:LBoL.Core.Units.EnemyUnit.Die
[12:13:43 PM INF] DoNotPublicize: LBoL.Core:LBoL.Core.Units.EnemyUnit.Actions
[12:13:43 PM INF] DoNotPublicize: LBoL.Core:LBoL.Core.Units.EnemyUnit.GetTurnMoves
[12:13:43 PM INF] DoNotPublicize: LBoL.Core:LBoL.Core.Units.EnemyUnit.UpdateMoveCounters
[12:13:43 PM INF] DoNotPublicize: LBoL.Core:LBoL.Core.Units.EnemyUnit.AttackActions
[12:13:43 PM INF] DoNotPublicize: LBoL.Core:LBoL.Core.Units.EnemyUnit.GetIntentions
[12:13:43 PM INF] DoNotPublicize: LBoL.Core:LBoL.Core.Units.EnemyUnit.SetView
[12:13:43 PM INF] DoNotPublicize: LBoL.Core:LBoL.Core.StatusEffects.StatusEffect.LocalizeProperty
[12:13:43 PM INF] DoNotPublicize: LBoL.Core:LBoL.Core.StatusEffects.StatusEffect.LocalizeListProperty
[12:13:43 PM INF] DoNotPublicize: LBoL.Core:LBoL.Core.StatusEffects.StatusEffect.get_Name
[12:13:43 PM INF] DoNotPublicize: LBoL.Core:LBoL.Core.StatusEffects.StatusEffect.LBoL.Core.IDisplayWord.get_Description
[12:13:43 PM INF] DoNotPublicize: LBoL.Core:LBoL.Core.StatusEffects.StatusEffect.LBoL.Core.IDisplayWord.get_IsVerbose
[12:13:43 PM INF] DoNotPublicize: LBoL.Core:LBoL.Core.StatusEffects.StatusEffect.get_IconName
[12:13:43 PM INF] DoNotPublicize: LBoL.Core:LBoL.Core.StatusEffects.StatusEffect.get_OverrideIconName
[12:13:43 PM INF] DoNotPublicize: LBoL.Core:LBoL.Core.StatusEffects.StatusEffect.get_DefaultEventPriority
[12:13:43 PM INF] DoNotPublicize: LBoL.Core:LBoL.Core.StatusEffects.StatusEffect.get_ForceNotShowNumber
[12:13:43 PM INF] DoNotPublicize: LBoL.Core:LBoL.Core.StatusEffects.StatusEffect.Stack
[12:13:43 PM INF] DoNotPublicize: LBoL.Core:LBoL.Core.StatusEffects.StatusEffect.Initialize
[12:13:43 PM INF] DoNotPublicize: LBoL.Core:LBoL.Core.StatusEffects.StatusEffect.CreateFormatWrapper
[12:13:43 PM INF] DoNotPublicize: LBoL.Core:LBoL.Core.StatusEffects.StatusEffect.OnAdding
[12:13:43 PM INF] DoNotPublicize: LBoL.Core:LBoL.Core.StatusEffects.StatusEffect.OnAdded
[12:13:43 PM INF] DoNotPublicize: LBoL.Core:LBoL.Core.StatusEffects.StatusEffect.OnRemoving
[12:13:43 PM INF] DoNotPublicize: LBoL.Core:LBoL.Core.StatusEffects.StatusEffect.OnRemoved
[12:13:43 PM INF] DoNotPublicize: LBoL.Core:LBoL.Core.StatusEffects.StatusEffect.NotifyActivating
[12:13:43 PM INF] DoNotPublicize: LBoL.Core:LBoL.Core.StatusEffects.StatusEffect.NotifyChanged
[12:13:43 PM INF] DoNotPublicize: LBoL.Core:LBoL.Core.StatusEffects.StatusEffect.React
[12:13:43 PM INF] DoNotPublicize: LBoL.Core:LBoL.Core.StatusEffects.StatusEffect.StackAction
[12:13:43 PM INF] DoNotPublicize: LBoL.Core:LBoL.Core.StatusEffects.StatusEffect.ShouldPreventCardUsage
[12:13:43 PM INF] DoNotPublicize: LBoL.Core:LBoL.Core.StatusEffects.StatusEffect.get_PreventCardUsageMessage
[12:13:43 PM INF] DoNotPublicize: LBoL.Core:LBoL.Core.StatusEffects.StatusEffect.get_UnitEffectName
[12:13:43 PM INF] DoNotPublicize: LBoL.Core:LBoL.Core.Units.Doll.LocalizeProperty
[12:13:43 PM INF] DoNotPublicize: LBoL.Core:LBoL.Core.Units.Doll.get_DefaultEventPriority
[12:13:43 PM INF] DoNotPublicize: LBoL.Core:LBoL.Core.Units.Doll.Initialize
[12:13:43 PM INF] DoNotPublicize: LBoL.Core:LBoL.Core.Units.Doll.CreateFormatWrapper
[12:13:43 PM INF] DoNotPublicize: LBoL.Core:LBoL.Core.Units.Doll.get_UpCounter
[12:13:43 PM INF] DoNotPublicize: LBoL.Core:LBoL.Core.Units.Doll.get_UpCounterColor
[12:13:43 PM INF] DoNotPublicize: LBoL.Core:LBoL.Core.Units.Doll.get_DownCounter
[12:13:43 PM INF] DoNotPublicize: LBoL.Core:LBoL.Core.Units.Doll.get_DownCounterColor
[12:13:43 PM INF] DoNotPublicize: LBoL.Core:LBoL.Core.Units.Doll.OnAdding
[12:13:43 PM INF] DoNotPublicize: LBoL.Core:LBoL.Core.Units.Doll.OnAdded
[12:13:43 PM INF] DoNotPublicize: LBoL.Core:LBoL.Core.Units.Doll.OnRemoving
[12:13:43 PM INF] DoNotPublicize: LBoL.Core:LBoL.Core.Units.Doll.OnRemoved
[12:13:43 PM INF] DoNotPublicize: LBoL.Core:LBoL.Core.Units.Doll.PassiveActions
[12:13:43 PM INF] DoNotPublicize: LBoL.Core:LBoL.Core.Units.Doll.ActiveActions
[12:13:43 PM INF] DoNotPublicize: LBoL.Core:LBoL.Core.GapOptions.GapOption.get_Type
[12:13:43 PM INF] DoNotPublicize: LBoL.Core:LBoL.Core.GapOptions.GapOption.GetBaseDescription
[12:13:43 PM INF] DoNotPublicize: LBoL.Core:LBoL.Core.Units.Intention.get_Type
[12:13:43 PM INF] DoNotPublicize: LBoL.Core:LBoL.Core.Units.Intention.LocalizeProperty
[12:13:43 PM INF] DoNotPublicize: LBoL.Core:LBoL.Core.Units.Intention.get_DefaultEventPriority
[12:13:43 PM INF] DoNotPublicize: LBoL.Core:LBoL.Core.Units.Intention.CreateFormatWrapper
[12:13:43 PM INF] DoNotPublicize: LBoL.Core:LBoL.Core.Units.Intention.get_PlayerName
[12:13:43 PM INF] DoNotPublicize: LBoL.Core:LBoL.Core.Adventures.Adventure.Initialize
[12:13:43 PM INF] DoNotPublicize: LBoL.Core:LBoL.Core.Adventures.Adventure.get_DialogName
[12:13:43 PM INF] DoNotPublicize: LBoL.Core:LBoL.Core.Adventures.Adventure.InitVariables
[12:13:43 PM INF] DoNotPublicize: LBoL.Core:LBoL.Core.JadeBox.LocalizeProperty
[12:13:43 PM INF] DoNotPublicize: LBoL.Core:LBoL.Core.JadeBox.LocalizeListProperty
[12:13:43 PM INF] DoNotPublicize: LBoL.Core:LBoL.Core.JadeBox.get_Description
[12:13:43 PM INF] DoNotPublicize: LBoL.Core:LBoL.Core.JadeBox.get_IconName
[12:13:43 PM INF] DoNotPublicize: LBoL.Core:LBoL.Core.JadeBox.get_DefaultEventPriority
[12:13:43 PM INF] DoNotPublicize: LBoL.Core:LBoL.Core.JadeBox.Initialize
[12:13:43 PM INF] DoNotPublicize: LBoL.Core:LBoL.Core.JadeBox.OnGain
[12:13:43 PM INF] DoNotPublicize: LBoL.Core:LBoL.Core.JadeBox.OnAdded
[12:13:43 PM INF] DoNotPublicize: LBoL.Core:LBoL.Core.JadeBox.OnEnterBattle
[12:13:43 PM INF] DoNotPublicize: LBoL.Core:LBoL.Core.JadeBox.OnLeaveBattle
[12:13:43 PM INF] DoNotPublicize: LBoL.Core:LBoL.Core.JadeBox.React
[12:13:43 PM INF] DoNotPublicize: LBoL.Core:LBoL.Core.JadeBox.EnumerateDisplayWords
[12:13:43 PM INF] DoNotPublicize: LBoL.Core:LBoL.Core.JadeBox.EnumerateRelativeCards
[12:13:43 PM INF] [LBoL.Base] Assembly processing starting...
[12:13:43 PM INF] [LBoL.Base] Path: C:\Program Files (x86)\Steam\steamapps\common\LBoL\LBoL_Data\Managed\LBoL.Base.dll
[12:13:43 PM INF] [LBoL.Base] Publicization hash: 2E9AAD80AA7A51E5FC8EE073EA675DC3
[12:13:43 PM INF] [LBoL.Base] Assembly already publicized at obj\Debug\netstandard2.1\PublicizedAssemblies\LBoL.Base.2E9AAD80AA7A51E5FC8EE073EA675DC3\LBoL.Base.dll
[12:13:43 PM INF] [LBoL.Base] Assembly processing finished
[12:13:43 PM INF] [LBoL.ConfigData] Assembly processing starting...
[12:13:43 PM INF] [LBoL.ConfigData] Path: C:\Program Files (x86)\Steam\steamapps\common\LBoL\LBoL_Data\Managed\LBoL.ConfigData.dll
[12:13:43 PM INF] [LBoL.ConfigData] Publicization hash: AC9BE160834E6376AFA1B763D018487B
[12:13:43 PM INF] [LBoL.ConfigData] Assembly already publicized at obj\Debug\netstandard2.1\PublicizedAssemblies\LBoL.ConfigData.AC9BE160834E6376AFA1B763D018487B\LBoL.ConfigData.dll
[12:13:43 PM INF] [LBoL.ConfigData] Assembly processing finished
[12:13:43 PM INF] [LBoL.Core] Assembly processing starting...
[12:13:43 PM INF] [LBoL.Core] Path: C:\Program Files (x86)\Steam\steamapps\common\LBoL\LBoL_Data\Managed\LBoL.Core.dll
[12:13:43 PM INF] [LBoL.Core] Publicization hash: CCB64C452E8B20BDA433C334C9A0E663
[12:13:43 PM INF] [LBoL.Core] Assembly already publicized at obj\Debug\netstandard2.1\PublicizedAssemblies\LBoL.Core.CCB64C452E8B20BDA433C334C9A0E663\LBoL.Core.dll
[12:13:43 PM INF] [LBoL.Core] Assembly processing finished
[12:13:43 PM INF] [LBoL.EntityLib] Assembly processing starting...
[12:13:43 PM INF] [LBoL.EntityLib] Path: C:\Program Files (x86)\Steam\steamapps\common\LBoL\LBoL_Data\Managed\LBoL.EntityLib.dll
[12:13:43 PM INF] [LBoL.EntityLib] Publicization hash: 73C464AA592931B0DBE89C64968CAB50
[12:13:43 PM INF] [LBoL.EntityLib] Assembly already publicized at obj\Debug\netstandard2.1\PublicizedAssemblies\LBoL.EntityLib.73C464AA592931B0DBE89C64968CAB50\LBoL.EntityLib.dll
[12:13:43 PM INF] [LBoL.EntityLib] Assembly processing finished
[12:13:43 PM INF] [LBoL.Presentation] Assembly processing starting...
[12:13:43 PM INF] [LBoL.Presentation] Path: C:\Program Files (x86)\Steam\steamapps\common\LBoL\LBoL_Data\Managed\LBoL.Presentation.dll
[12:13:43 PM INF] [LBoL.Presentation] Publicization hash: 4AC4FBD5C5EC214C516C563DE8861772
[12:13:43 PM INF] [LBoL.Presentation] Assembly already publicized at obj\Debug\netstandard2.1\PublicizedAssemblies\LBoL.Presentation.4AC4FBD5C5EC214C516C563DE8861772\LBoL.Presentation.dll
[12:13:43 PM INF] [LBoL.Presentation] Assembly processing finished
[12:13:43 PM INF] [Untitled.ConfigDataBuilder.Base] Assembly processing starting...
[12:13:43 PM INF] [Untitled.ConfigDataBuilder.Base] Path: C:\Program Files (x86)\Steam\steamapps\common\LBoL\LBoL_Data\Managed\Untitled.ConfigDataBuilder.Base.dll
[12:13:43 PM INF] [Untitled.ConfigDataBuilder.Base] Publicization hash: 5604223F1513A259407E28D0C0797B8D
[12:13:43 PM INF] [Untitled.ConfigDataBuilder.Base] Assembly already publicized at obj\Debug\netstandard2.1\PublicizedAssemblies\Untitled.ConfigDataBuilder.Base.5604223F1513A259407E28D0C0797B8D\Untitled.ConfigDataBuilder.Base.dll
[12:13:43 PM INF] [Untitled.ConfigDataBuilder.Base] Assembly processing finished
[12:13:43 PM INF] Finished processing 6 assemblies. Terminating task.
